current directory: D:/ruby/rails/techlog-app/.bundle/ruby/3.3.0/gems/date-3.3.4/ext/date
C:/Ruby33-x64/bin/ruby.exe extconf.rb
checking for rb_category_warn()... yes
checking for timezone in time.h with  -Werror... no
checking for altzone in time.h with  -Werror... no
creating Makefile

current directory: D:/ruby/rails/techlog-app/.bundle/ruby/3.3.0/gems/date-3.3.4/ext/date
make DESTDIR\= sitearchdir\=./.gem.20240817-2096-ysqnoc sitelibdir\=./.gem.20240817-2096-ysqnoc clean

current directory: D:/ruby/rails/techlog-app/.bundle/ruby/3.3.0/gems/date-3.3.4/ext/date
make DESTDIR\= sitearchdir\=./.gem.20240817-2096-ysqnoc sitelibdir\=./.gem.20240817-2096-ysqnoc
generating date_core-x64-mingw-ucrt.def
compiling date_core.c
compiling date_parse.c
compiling date_strftime.c
compiling date_strptime.c
linking shared-object date_core.so

current directory: D:/ruby/rails/techlog-app/.bundle/ruby/3.3.0/gems/date-3.3.4/ext/date
make DESTDIR\= sitearchdir\=./.gem.20240817-2096-ysqnoc sitelibdir\=./.gem.20240817-2096-ysqnoc install
/usr/bin/install -c -m 0755 date_core.so ./.gem.20240817-2096-ysqnoc

current directory: D:/ruby/rails/techlog-app/.bundle/ruby/3.3.0/gems/date-3.3.4/ext/date
make DESTDIR\= sitearchdir\=./.gem.20240817-2096-ysqnoc sitelibdir\=./.gem.20240817-2096-ysqnoc clean
